<?xml version="1.0" encoding="UTF-8"?>
<testng-results ignored="0" total="1" passed="1" failed="0" skipped="0">
  <reporter-output>
  </reporter-output>
  <suite started-at="2026-03-02T14:50:32 IST" name="Surefire suite" finished-at="2026-03-02T14:50:38 IST" duration-ms="6424">
    <groups>
    </groups>
    <test started-at="2026-03-02T14:50:32 IST" name="Surefire test" finished-at="2026-03-02T14:50:38 IST" duration-ms="6424">
      <class name="AdditionTest">
        <test-method signature="testAddition()[pri:0, instance:AdditionTest@57175e74]" started-at="2026-03-02T14:50:32 IST" name="testAddition" finished-at="2026-03-02T14:50:38 IST" duration-ms="6395" status="PASS">
          <reporter-output>
          </reporter-output>
        </test-method> <!-- testAddition -->
      </class> <!-- AdditionTest -->
    </test> <!-- Surefire test -->
  </suite> <!-- Surefire suite -->
</testng-results>
